<?xml version="1.0" encoding="UTF-8"?>
<!-- Generated by org.testng.reporters.JUnitReportReporter -->
<testsuite hostname="DESKTOP-FT1VTO9" failures="0" tests="1" name="com.application.scripts.TC10" time="21.583" errors="0" timestamp="2021-03-08T17:07:10 MST" skipped="0">
  <testcase classname="com.application.scripts.TC10" name="verifySearchFunctionality" time="21.583"/>
  <system-out/>
</testsuite> <!-- com.application.scripts.TC10 -->
