<?xml version="1.0" encoding="UTF-8"?>
<!-- Generated by org.testng.reporters.JUnitReportReporter -->
<testsuite hostname="DESKTOP-FT1VTO9" failures="0" tests="1" name="com.application.scripts.TC04" time="12.866" errors="0" timestamp="2021-03-29T20:02:16 MDT" skipped="0">
  <testcase classname="com.application.scripts.TC04" name="testTC04" time="12.866"/>
  <system-out/>
</testsuite> <!-- com.application.scripts.TC04 -->
