<?xml version="1.0" encoding="UTF-8"?>
<!-- Generated by org.testng.reporters.JUnitReportReporter -->
<testsuite hostname="DESKTOP-FT1VTO9" failures="0" tests="1" name="com.application.scripts.TC11" time="45.964" errors="0" timestamp="2021-03-08T17:07:10 MST" skipped="0">
  <testcase classname="com.application.scripts.TC11" name="testTC11" time="45.964"/>
  <system-out/>
</testsuite> <!-- com.application.scripts.TC11 -->
