<?xml version="1.0" encoding="UTF-8"?>
<!-- Generated by org.testng.reporters.JUnitReportReporter -->
<testsuite hostname="DESKTOP-FT1VTO9" failures="0" tests="1" name="com.application.scripts.TC06" time="23.225" errors="0" timestamp="2021-04-22T20:04:47 MDT" skipped="0">
  <testcase classname="com.application.scripts.TC06" name="testTC06" time="23.225"/>
  <system-out/>
</testsuite> <!-- com.application.scripts.TC06 -->
