<?xml version="1.0" encoding="UTF-8"?>
<!-- Generated by org.testng.reporters.JUnitReportReporter -->
<testsuite hostname="DESKTOP-FT1VTO9" failures="0" tests="1" name="com.application.scripts.TC05" time="52.689" errors="0" timestamp="2021-04-03T13:36:05 MDT" skipped="0">
  <testcase classname="com.application.scripts.TC05" name="testTC05" time="52.689"/>
  <system-out/>
</testsuite> <!-- com.application.scripts.TC05 -->
